2025-07-15 19:01:27,939 INFO: DEMO Client b50e08f3-b010-46e1-9552-71db3386709c: Algorithm switched to cubic (Condition: good, State: slow_start) [in D:\Tawyabul Islam Tamim\3-1\computer networking\project\tcp-file-transfer\tcp-file-transfer\backend\app.py:186]
2025-07-15 19:01:30,015 INFO: DEMO Client aaa63f55-65fe-4ff7-9662-a9b7b543b09e: Algorithm switched to cubic (Condition: high_bw, State: slow_start) [in D:\Tawyabul Islam Tamim\3-1\computer networking\project\tcp-file-transfer\tcp-file-transfer\backend\app.py:186]
2025-07-15 19:01:30,067 INFO: DEMO Client af4bc5ea-618f-46bb-8360-d136ffc3c35e: Algorithm switched to cubic (Condition: good, State: slow_start) [in D:\Tawyabul Islam Tamim\3-1\computer networking\project\tcp-file-transfer\tcp-file-transfer\backend\app.py:186]
2025-07-15 19:01:30,072 INFO: DEMO Client b50e08f3-b010-46e1-9552-71db3386709c: Algorithm switched to cubic (Condition: good, State: slow_start) [in D:\Tawyabul Islam Tamim\3-1\computer networking\project\tcp-file-transfer\tcp-file-transfer\backend\app.py:186]
2025-07-15 19:11:14,133 INFO: Created DEMO client a54cc183-f7fa-4b00-86f0-31a85c9b2df2 with reno algorithm [in D:\Tawyabul Islam Tamim\3-1\computer networking\project\tcp-file-transfer\tcp-file-transfer\backend\app.py:143]
2025-07-15 19:11:14,170 INFO: Created DEMO client cddba6d9-115b-4468-a7b3-a840fbd42058 with cubic algorithm [in D:\Tawyabul Islam Tamim\3-1\computer networking\project\tcp-file-transfer\tcp-file-transfer\backend\app.py:143]
2025-07-15 19:11:14,208 INFO: Created DEMO client 5aef742b-8292-43e0-9af4-aa71e52173bf with tahoe algorithm [in D:\Tawyabul Islam Tamim\3-1\computer networking\project\tcp-file-transfer\tcp-file-transfer\backend\app.py:143]
2025-07-15 19:11:14,214 INFO: DEMO Client a54cc183-f7fa-4b00-86f0-31a85c9b2df2: Algorithm switched to reno (Condition: good, State: slow_start) [in D:\Tawyabul Islam Tamim\3-1\computer networking\project\tcp-file-transfer\tcp-file-transfer\backend\app.py:186]
2025-07-15 19:11:14,236 INFO: DEMO Client cddba6d9-115b-4468-a7b3-a840fbd42058: Algorithm switched to reno (Condition: good, State: slow_start) [in D:\Tawyabul Islam Tamim\3-1\computer networking\project\tcp-file-transfer\tcp-file-transfer\backend\app.py:186]
2025-07-15 19:11:14,246 INFO: DEMO Client 5aef742b-8292-43e0-9af4-aa71e52173bf: Algorithm switched to reno (Condition: good, State: slow_start) [in D:\Tawyabul Islam Tamim\3-1\computer networking\project\tcp-file-transfer\tcp-file-transfer\backend\app.py:186]
2025-07-15 19:11:16,259 INFO: DEMO Client a54cc183-f7fa-4b00-86f0-31a85c9b2df2: Algorithm switched to reno (Condition: good, State: slow_start) [in D:\Tawyabul Islam Tamim\3-1\computer networking\project\tcp-file-transfer\tcp-file-transfer\backend\app.py:186]
2025-07-15 19:11:16,259 INFO: DEMO Client cddba6d9-115b-4468-a7b3-a840fbd42058: Algorithm switched to reno (Condition: good, State: slow_start) [in D:\Tawyabul Islam Tamim\3-1\computer networking\project\tcp-file-transfer\tcp-file-transfer\backend\app.py:186]
2025-07-15 19:11:16,261 INFO: DEMO Client 5aef742b-8292-43e0-9af4-aa71e52173bf: Algorithm switched to reno (Condition: good, State: slow_start) [in D:\Tawyabul Islam Tamim\3-1\computer networking\project\tcp-file-transfer\tcp-file-transfer\backend\app.py:186]
2025-07-15 19:11:24,263 INFO: DEMO Client a54cc183-f7fa-4b00-86f0-31a85c9b2df2: Algorithm switched to cubic (Condition: high_bw, State: slow_start) [in D:\Tawyabul Islam Tamim\3-1\computer networking\project\tcp-file-transfer\tcp-file-transfer\backend\app.py:186]
2025-07-15 19:11:24,265 INFO: DEMO Client cddba6d9-115b-4468-a7b3-a840fbd42058: Algorithm switched to cubic (Condition: good, State: slow_start) [in D:\Tawyabul Islam Tamim\3-1\computer networking\project\tcp-file-transfer\tcp-file-transfer\backend\app.py:186]
2025-07-15 19:11:24,266 INFO: DEMO Client 5aef742b-8292-43e0-9af4-aa71e52173bf: Algorithm switched to cubic (Condition: good, State: slow_start) [in D:\Tawyabul Islam Tamim\3-1\computer networking\project\tcp-file-transfer\tcp-file-transfer\backend\app.py:186]
2025-07-15 19:11:26,268 INFO: DEMO Client a54cc183-f7fa-4b00-86f0-31a85c9b2df2: Algorithm switched to cubic (Condition: good, State: slow_start) [in D:\Tawyabul Islam Tamim\3-1\computer networking\project\tcp-file-transfer\tcp-file-transfer\backend\app.py:186]
2025-07-15 19:11:26,270 INFO: DEMO Client cddba6d9-115b-4468-a7b3-a840fbd42058: Algorithm switched to cubic (Condition: good, State: slow_start) [in D:\Tawyabul Islam Tamim\3-1\computer networking\project\tcp-file-transfer\tcp-file-transfer\backend\app.py:186]
2025-07-15 19:11:26,270 INFO: DEMO Client 5aef742b-8292-43e0-9af4-aa71e52173bf: Algorithm switched to cubic (Condition: good, State: slow_start) [in D:\Tawyabul Islam Tamim\3-1\computer networking\project\tcp-file-transfer\tcp-file-transfer\backend\app.py:186]
2025-07-15 19:16:14,534 INFO: Created DEMO client af66ca42-90ca-4651-ade4-d15d7257f674 with reno algorithm [in D:\Tawyabul Islam Tamim\3-1\computer networking\project\tcp-file-transfer\tcp-file-transfer\backend\app.py:143]
2025-07-15 19:16:14,535 INFO: Created DEMO client 8068cc34-45b1-4c52-83a1-e0f41254282b with cubic algorithm [in D:\Tawyabul Islam Tamim\3-1\computer networking\project\tcp-file-transfer\tcp-file-transfer\backend\app.py:143]
2025-07-15 19:16:14,535 INFO: Created DEMO client ef9efdef-0490-42c8-959b-90c9e9ec12ea with tahoe algorithm [in D:\Tawyabul Islam Tamim\3-1\computer networking\project\tcp-file-transfer\tcp-file-transfer\backend\app.py:143]
2025-07-15 19:16:14,537 INFO: DEMO Client af66ca42-90ca-4651-ade4-d15d7257f674: Algorithm switched to reno (Condition: good, State: slow_start) [in D:\Tawyabul Islam Tamim\3-1\computer networking\project\tcp-file-transfer\tcp-file-transfer\backend\app.py:186]
2025-07-15 19:16:14,537 INFO: DEMO Client 8068cc34-45b1-4c52-83a1-e0f41254282b: Algorithm switched to reno (Condition: good, State: slow_start) [in D:\Tawyabul Islam Tamim\3-1\computer networking\project\tcp-file-transfer\tcp-file-transfer\backend\app.py:186]
2025-07-15 19:16:14,538 INFO: DEMO Client ef9efdef-0490-42c8-959b-90c9e9ec12ea: Algorithm switched to reno (Condition: good, State: slow_start) [in D:\Tawyabul Islam Tamim\3-1\computer networking\project\tcp-file-transfer\tcp-file-transfer\backend\app.py:186]
2025-07-15 19:16:16,538 INFO: DEMO Client af66ca42-90ca-4651-ade4-d15d7257f674: Algorithm switched to reno (Condition: good, State: slow_start) [in D:\Tawyabul Islam Tamim\3-1\computer networking\project\tcp-file-transfer\tcp-file-transfer\backend\app.py:186]
2025-07-15 19:16:16,541 INFO: DEMO Client 8068cc34-45b1-4c52-83a1-e0f41254282b: Algorithm switched to reno (Condition: good, State: slow_start) [in D:\Tawyabul Islam Tamim\3-1\computer networking\project\tcp-file-transfer\tcp-file-transfer\backend\app.py:186]
2025-07-15 19:16:16,542 INFO: DEMO Client ef9efdef-0490-42c8-959b-90c9e9ec12ea: Algorithm switched to reno (Condition: good, State: slow_start) [in D:\Tawyabul Islam Tamim\3-1\computer networking\project\tcp-file-transfer\tcp-file-transfer\backend\app.py:186]
2025-07-15 19:16:24,547 INFO: DEMO Client af66ca42-90ca-4651-ade4-d15d7257f674: Algorithm switched to cubic (Condition: good, State: slow_start) [in D:\Tawyabul Islam Tamim\3-1\computer networking\project\tcp-file-transfer\tcp-file-transfer\backend\app.py:186]
2025-07-15 19:16:24,550 INFO: DEMO Client 8068cc34-45b1-4c52-83a1-e0f41254282b: Algorithm switched to cubic (Condition: good, State: slow_start) [in D:\Tawyabul Islam Tamim\3-1\computer networking\project\tcp-file-transfer\tcp-file-transfer\backend\app.py:186]
2025-07-15 19:16:24,555 INFO: DEMO Client ef9efdef-0490-42c8-959b-90c9e9ec12ea: Algorithm switched to cubic (Condition: good, State: slow_start) [in D:\Tawyabul Islam Tamim\3-1\computer networking\project\tcp-file-transfer\tcp-file-transfer\backend\app.py:186]
2025-07-15 19:16:26,558 INFO: DEMO Client af66ca42-90ca-4651-ade4-d15d7257f674: Algorithm switched to cubic (Condition: good, State: slow_start) [in D:\Tawyabul Islam Tamim\3-1\computer networking\project\tcp-file-transfer\tcp-file-transfer\backend\app.py:186]
2025-07-15 19:16:26,560 INFO: DEMO Client 8068cc34-45b1-4c52-83a1-e0f41254282b: Algorithm switched to cubic (Condition: good, State: slow_start) [in D:\Tawyabul Islam Tamim\3-1\computer networking\project\tcp-file-transfer\tcp-file-transfer\backend\app.py:186]
2025-07-15 19:16:26,563 INFO: DEMO Client ef9efdef-0490-42c8-959b-90c9e9ec12ea: Algorithm switched to cubic (Condition: good, State: slow_start) [in D:\Tawyabul Islam Tamim\3-1\computer networking\project\tcp-file-transfer\tcp-file-transfer\backend\app.py:186]
2025-07-15 19:20:24,588 INFO: Removed 3 demo clients [in D:\Tawyabul Islam Tamim\3-1\computer networking\project\tcp-file-transfer\tcp-file-transfer\backend\api\files.py:37]
2025-07-15 19:20:49,475 INFO: New REAL client connected: 4a889690-4735-4e17-a017-2311453b344f [in D:\Tawyabul Islam Tamim\3-1\computer networking\project\tcp-file-transfer\tcp-file-transfer\backend\app.py:284]
2025-07-15 19:20:49,725 INFO: Reusing existing real client: 4a889690-4735-4e17-a017-2311453b344f [in D:\Tawyabul Islam Tamim\3-1\computer networking\project\tcp-file-transfer\tcp-file-transfer\backend\app.py:273]
2025-07-15 19:20:49,731 INFO: Reusing existing real client: 4a889690-4735-4e17-a017-2311453b344f [in D:\Tawyabul Islam Tamim\3-1\computer networking\project\tcp-file-transfer\tcp-file-transfer\backend\app.py:273]
2025-07-15 19:20:50,662 INFO: REAL Client 4a889690-4735-4e17-a017-2311453b344f: Algorithm switched to reno (Condition: good, State: slow_start) [in D:\Tawyabul Islam Tamim\3-1\computer networking\project\tcp-file-transfer\tcp-file-transfer\backend\app.py:186]
2025-07-15 19:21:00,665 INFO: REAL Client 4a889690-4735-4e17-a017-2311453b344f: Algorithm switched to cubic (Condition: good, State: slow_start) [in D:\Tawyabul Islam Tamim\3-1\computer networking\project\tcp-file-transfer\tcp-file-transfer\backend\app.py:186]
2025-07-15 19:21:02,668 INFO: REAL Client 4a889690-4735-4e17-a017-2311453b344f: Algorithm switched to cubic (Condition: good, State: slow_start) [in D:\Tawyabul Islam Tamim\3-1\computer networking\project\tcp-file-transfer\tcp-file-transfer\backend\app.py:186]
2025-07-15 19:21:24,417 INFO: Reusing existing real client: 4a889690-4735-4e17-a017-2311453b344f [in D:\Tawyabul Islam Tamim\3-1\computer networking\project\tcp-file-transfer\tcp-file-transfer\backend\app.py:273]
2025-07-15 19:21:24,729 INFO: Reusing existing real client: 4a889690-4735-4e17-a017-2311453b344f [in D:\Tawyabul Islam Tamim\3-1\computer networking\project\tcp-file-transfer\tcp-file-transfer\backend\app.py:273]
2025-07-15 19:27:13,065 INFO: New REAL client connected: ea4601ff-42a0-4299-a870-2c4d3e5055cc [in D:\Tawyabul Islam Tamim\3-1\computer networking\project\tcp-file-transfer\tcp-file-transfer\backend\app.py:284]
2025-07-15 19:27:13,316 INFO: Reusing existing real client: ea4601ff-42a0-4299-a870-2c4d3e5055cc [in D:\Tawyabul Islam Tamim\3-1\computer networking\project\tcp-file-transfer\tcp-file-transfer\backend\app.py:273]
2025-07-15 19:27:14,090 INFO: Cleaned up 1 inactive clients [in D:\Tawyabul Islam Tamim\3-1\computer networking\project\tcp-file-transfer\tcp-file-transfer\backend\app.py:110]
2025-07-15 19:27:14,952 INFO: REAL Client ea4601ff-42a0-4299-a870-2c4d3e5055cc: Algorithm switched to reno (Condition: good, State: slow_start) [in D:\Tawyabul Islam Tamim\3-1\computer networking\project\tcp-file-transfer\tcp-file-transfer\backend\app.py:186]
2025-07-15 19:27:24,955 INFO: REAL Client ea4601ff-42a0-4299-a870-2c4d3e5055cc: Algorithm switched to cubic (Condition: good, State: slow_start) [in D:\Tawyabul Islam Tamim\3-1\computer networking\project\tcp-file-transfer\tcp-file-transfer\backend\app.py:186]
2025-07-15 19:27:26,960 INFO: REAL Client ea4601ff-42a0-4299-a870-2c4d3e5055cc: Algorithm switched to cubic (Condition: good, State: slow_start) [in D:\Tawyabul Islam Tamim\3-1\computer networking\project\tcp-file-transfer\tcp-file-transfer\backend\app.py:186]
2025-07-15 19:30:57,749 INFO: Reusing existing real client: ea4601ff-42a0-4299-a870-2c4d3e5055cc [in D:\Tawyabul Islam Tamim\3-1\computer networking\project\tcp-file-transfer\tcp-file-transfer\backend\app.py:273]
2025-07-15 19:30:58,014 INFO: Reusing existing real client: ea4601ff-42a0-4299-a870-2c4d3e5055cc [in D:\Tawyabul Islam Tamim\3-1\computer networking\project\tcp-file-transfer\tcp-file-transfer\backend\app.py:273]
2025-07-15 19:30:58,015 INFO: Reusing existing real client: ea4601ff-42a0-4299-a870-2c4d3e5055cc [in D:\Tawyabul Islam Tamim\3-1\computer networking\project\tcp-file-transfer\tcp-file-transfer\backend\app.py:273]
2025-07-15 19:36:14,103 INFO: Cleaned up 1 inactive clients [in D:\Tawyabul Islam Tamim\3-1\computer networking\project\tcp-file-transfer\tcp-file-transfer\backend\app.py:110]
2025-07-15 19:37:09,313 INFO: Created DEMO client fb8d364b-15c8-43a4-882c-49e2205ccc4c with reno algorithm [in D:\Tawyabul Islam Tamim\3-1\computer networking\project\tcp-file-transfer\tcp-file-transfer\backend\app.py:143]
2025-07-15 19:37:09,315 INFO: Created DEMO client 59007823-21dd-4b75-a3c1-e55aa89374a4 with cubic algorithm [in D:\Tawyabul Islam Tamim\3-1\computer networking\project\tcp-file-transfer\tcp-file-transfer\backend\app.py:143]
2025-07-15 19:37:09,317 INFO: Created DEMO client 79906424-fbee-4809-a106-d32d2b8c3673 with tahoe algorithm [in D:\Tawyabul Islam Tamim\3-1\computer networking\project\tcp-file-transfer\tcp-file-transfer\backend\app.py:143]
2025-07-15 19:37:09,318 INFO: DEMO Client fb8d364b-15c8-43a4-882c-49e2205ccc4c: Algorithm switched to reno (Condition: good, State: slow_start) [in D:\Tawyabul Islam Tamim\3-1\computer networking\project\tcp-file-transfer\tcp-file-transfer\backend\app.py:186]
2025-07-15 19:37:09,318 INFO: DEMO Client 59007823-21dd-4b75-a3c1-e55aa89374a4: Algorithm switched to reno (Condition: good, State: slow_start) [in D:\Tawyabul Islam Tamim\3-1\computer networking\project\tcp-file-transfer\tcp-file-transfer\backend\app.py:186]
2025-07-15 19:37:09,319 INFO: DEMO Client 79906424-fbee-4809-a106-d32d2b8c3673: Algorithm switched to reno (Condition: good, State: slow_start) [in D:\Tawyabul Islam Tamim\3-1\computer networking\project\tcp-file-transfer\tcp-file-transfer\backend\app.py:186]
2025-07-15 19:37:11,321 INFO: DEMO Client fb8d364b-15c8-43a4-882c-49e2205ccc4c: Algorithm switched to reno (Condition: good, State: slow_start) [in D:\Tawyabul Islam Tamim\3-1\computer networking\project\tcp-file-transfer\tcp-file-transfer\backend\app.py:186]
2025-07-15 19:37:11,324 INFO: DEMO Client 59007823-21dd-4b75-a3c1-e55aa89374a4: Algorithm switched to reno (Condition: good, State: slow_start) [in D:\Tawyabul Islam Tamim\3-1\computer networking\project\tcp-file-transfer\tcp-file-transfer\backend\app.py:186]
2025-07-15 19:37:11,325 INFO: DEMO Client 79906424-fbee-4809-a106-d32d2b8c3673: Algorithm switched to reno (Condition: good, State: slow_start) [in D:\Tawyabul Islam Tamim\3-1\computer networking\project\tcp-file-transfer\tcp-file-transfer\backend\app.py:186]
2025-07-15 19:37:16,666 INFO: Removed 3 demo clients [in D:\Tawyabul Islam Tamim\3-1\computer networking\project\tcp-file-transfer\tcp-file-transfer\backend\api\files.py:37]
2025-07-15 19:37:24,276 INFO: New REAL client connected: 74ee2cda-5af7-43af-8bf0-c04e9d856463 [in D:\Tawyabul Islam Tamim\3-1\computer networking\project\tcp-file-transfer\tcp-file-transfer\backend\app.py:284]
2025-07-15 19:37:24,449 INFO: Reusing existing real client: 74ee2cda-5af7-43af-8bf0-c04e9d856463 [in D:\Tawyabul Islam Tamim\3-1\computer networking\project\tcp-file-transfer\tcp-file-transfer\backend\app.py:273]
2025-07-15 19:37:25,331 INFO: REAL Client 74ee2cda-5af7-43af-8bf0-c04e9d856463: Algorithm switched to reno (Condition: good, State: slow_start) [in D:\Tawyabul Islam Tamim\3-1\computer networking\project\tcp-file-transfer\tcp-file-transfer\backend\app.py:186]
2025-07-15 19:37:35,354 INFO: REAL Client 74ee2cda-5af7-43af-8bf0-c04e9d856463: Algorithm switched to cubic (Condition: good, State: slow_start) [in D:\Tawyabul Islam Tamim\3-1\computer networking\project\tcp-file-transfer\tcp-file-transfer\backend\app.py:186]
2025-07-15 19:37:37,357 INFO: REAL Client 74ee2cda-5af7-43af-8bf0-c04e9d856463: Algorithm switched to cubic (Condition: good, State: slow_start) [in D:\Tawyabul Islam Tamim\3-1\computer networking\project\tcp-file-transfer\tcp-file-transfer\backend\app.py:186]
2025-07-15 19:38:43,087 INFO: Client disconnected: 74ee2cda-5af7-43af-8bf0-c04e9d856463 [in D:\Tawyabul Islam Tamim\3-1\computer networking\project\tcp-file-transfer\tcp-file-transfer\backend\app.py:312]
2025-07-15 19:38:43,439 INFO: New REAL client connected: 0bc489c2-5308-4396-897a-89f23161857b [in D:\Tawyabul Islam Tamim\3-1\computer networking\project\tcp-file-transfer\tcp-file-transfer\backend\app.py:284]
2025-07-15 19:38:45,398 INFO: REAL Client 0bc489c2-5308-4396-897a-89f23161857b: Algorithm switched to reno (Condition: good, State: slow_start) [in D:\Tawyabul Islam Tamim\3-1\computer networking\project\tcp-file-transfer\tcp-file-transfer\backend\app.py:186]
2025-07-15 19:38:46,329 INFO: Reusing existing real client: 0bc489c2-5308-4396-897a-89f23161857b [in D:\Tawyabul Islam Tamim\3-1\computer networking\project\tcp-file-transfer\tcp-file-transfer\backend\app.py:273]
2025-07-15 19:38:46,648 INFO: Reusing existing real client: 0bc489c2-5308-4396-897a-89f23161857b [in D:\Tawyabul Islam Tamim\3-1\computer networking\project\tcp-file-transfer\tcp-file-transfer\backend\app.py:273]
2025-07-15 19:38:55,423 INFO: REAL Client 0bc489c2-5308-4396-897a-89f23161857b: Algorithm switched to cubic (Condition: good, State: slow_start) [in D:\Tawyabul Islam Tamim\3-1\computer networking\project\tcp-file-transfer\tcp-file-transfer\backend\app.py:186]
2025-07-15 19:38:57,428 INFO: REAL Client 0bc489c2-5308-4396-897a-89f23161857b: Algorithm switched to cubic (Condition: good, State: slow_start) [in D:\Tawyabul Islam Tamim\3-1\computer networking\project\tcp-file-transfer\tcp-file-transfer\backend\app.py:186]
2025-07-15 19:39:34,654 INFO: Reusing existing real client: 0bc489c2-5308-4396-897a-89f23161857b [in D:\Tawyabul Islam Tamim\3-1\computer networking\project\tcp-file-transfer\tcp-file-transfer\backend\app.py:273]
2025-07-15 19:39:34,960 INFO: Reusing existing real client: 0bc489c2-5308-4396-897a-89f23161857b [in D:\Tawyabul Islam Tamim\3-1\computer networking\project\tcp-file-transfer\tcp-file-transfer\backend\app.py:273]
2025-07-15 19:40:02,896 INFO: Reusing existing real client: 0bc489c2-5308-4396-897a-89f23161857b [in D:\Tawyabul Islam Tamim\3-1\computer networking\project\tcp-file-transfer\tcp-file-transfer\backend\app.py:273]
2025-07-15 19:40:03,160 INFO: Reusing existing real client: 0bc489c2-5308-4396-897a-89f23161857b [in D:\Tawyabul Islam Tamim\3-1\computer networking\project\tcp-file-transfer\tcp-file-transfer\backend\app.py:273]
2025-07-15 19:40:03,161 INFO: Reusing existing real client: 0bc489c2-5308-4396-897a-89f23161857b [in D:\Tawyabul Islam Tamim\3-1\computer networking\project\tcp-file-transfer\tcp-file-transfer\backend\app.py:273]
2025-07-15 19:40:19,930 INFO: Reusing existing real client: 0bc489c2-5308-4396-897a-89f23161857b [in D:\Tawyabul Islam Tamim\3-1\computer networking\project\tcp-file-transfer\tcp-file-transfer\backend\app.py:273]
2025-07-15 19:40:20,197 INFO: Reusing existing real client: 0bc489c2-5308-4396-897a-89f23161857b [in D:\Tawyabul Islam Tamim\3-1\computer networking\project\tcp-file-transfer\tcp-file-transfer\backend\app.py:273]
2025-07-15 19:42:35,598 INFO: Reusing existing real client: 0bc489c2-5308-4396-897a-89f23161857b [in D:\Tawyabul Islam Tamim\3-1\computer networking\project\tcp-file-transfer\tcp-file-transfer\backend\app.py:273]
2025-07-15 19:42:35,847 INFO: Reusing existing real client: 0bc489c2-5308-4396-897a-89f23161857b [in D:\Tawyabul Islam Tamim\3-1\computer networking\project\tcp-file-transfer\tcp-file-transfer\backend\app.py:273]
2025-07-15 19:42:35,848 INFO: Reusing existing real client: 0bc489c2-5308-4396-897a-89f23161857b [in D:\Tawyabul Islam Tamim\3-1\computer networking\project\tcp-file-transfer\tcp-file-transfer\backend\app.py:273]
2025-07-15 19:48:14,109 INFO: Cleaned up 1 inactive clients [in D:\Tawyabul Islam Tamim\3-1\computer networking\project\tcp-file-transfer\tcp-file-transfer\backend\app.py:110]
2025-07-15 19:56:57,757 INFO: Client disconnected: 0bc489c2-5308-4396-897a-89f23161857b [in D:\Tawyabul Islam Tamim\3-1\computer networking\project\tcp-file-transfer\tcp-file-transfer\backend\app.py:312]
2025-07-15 19:56:58,082 INFO: New REAL client connected: 05dcbf04-3f3c-4e31-90d9-3afd279bd437 [in D:\Tawyabul Islam Tamim\3-1\computer networking\project\tcp-file-transfer\tcp-file-transfer\backend\app.py:284]
2025-07-15 19:56:58,314 INFO: Reusing existing real client: 05dcbf04-3f3c-4e31-90d9-3afd279bd437 [in D:\Tawyabul Islam Tamim\3-1\computer networking\project\tcp-file-transfer\tcp-file-transfer\backend\app.py:273]
2025-07-15 19:56:58,343 INFO: REAL Client 05dcbf04-3f3c-4e31-90d9-3afd279bd437: Algorithm switched to reno (Condition: good, State: slow_start) [in D:\Tawyabul Islam Tamim\3-1\computer networking\project\tcp-file-transfer\tcp-file-transfer\backend\app.py:186]
2025-07-15 19:57:00,346 INFO: REAL Client 05dcbf04-3f3c-4e31-90d9-3afd279bd437: Algorithm switched to reno (Condition: good, State: slow_start) [in D:\Tawyabul Islam Tamim\3-1\computer networking\project\tcp-file-transfer\tcp-file-transfer\backend\app.py:186]
2025-07-15 19:57:08,349 INFO: REAL Client 05dcbf04-3f3c-4e31-90d9-3afd279bd437: Algorithm switched to cubic (Condition: good, State: slow_start) [in D:\Tawyabul Islam Tamim\3-1\computer networking\project\tcp-file-transfer\tcp-file-transfer\backend\app.py:186]
2025-07-15 19:57:10,350 INFO: REAL Client 05dcbf04-3f3c-4e31-90d9-3afd279bd437: Algorithm switched to cubic (Condition: good, State: slow_start) [in D:\Tawyabul Islam Tamim\3-1\computer networking\project\tcp-file-transfer\tcp-file-transfer\backend\app.py:186]
2025-07-15 19:57:13,090 INFO: Reusing existing real client: 05dcbf04-3f3c-4e31-90d9-3afd279bd437 [in D:\Tawyabul Islam Tamim\3-1\computer networking\project\tcp-file-transfer\tcp-file-transfer\backend\app.py:273]
2025-07-15 19:57:13,415 INFO: Reusing existing real client: 05dcbf04-3f3c-4e31-90d9-3afd279bd437 [in D:\Tawyabul Islam Tamim\3-1\computer networking\project\tcp-file-transfer\tcp-file-transfer\backend\app.py:273]
2025-07-15 19:59:55,839 INFO: Reusing existing real client: 05dcbf04-3f3c-4e31-90d9-3afd279bd437 [in D:\Tawyabul Islam Tamim\3-1\computer networking\project\tcp-file-transfer\tcp-file-transfer\backend\app.py:273]
2025-07-15 19:59:56,148 INFO: Reusing existing real client: 05dcbf04-3f3c-4e31-90d9-3afd279bd437 [in D:\Tawyabul Islam Tamim\3-1\computer networking\project\tcp-file-transfer\tcp-file-transfer\backend\app.py:273]
2025-07-15 20:01:30,032 INFO: Reusing existing real client: 05dcbf04-3f3c-4e31-90d9-3afd279bd437 [in D:\Tawyabul Islam Tamim\3-1\computer networking\project\tcp-file-transfer\tcp-file-transfer\backend\app.py:273]
2025-07-15 20:01:30,312 INFO: Reusing existing real client: 05dcbf04-3f3c-4e31-90d9-3afd279bd437 [in D:\Tawyabul Islam Tamim\3-1\computer networking\project\tcp-file-transfer\tcp-file-transfer\backend\app.py:273]
2025-07-15 20:03:12,298 INFO: Reusing existing real client: 05dcbf04-3f3c-4e31-90d9-3afd279bd437 [in D:\Tawyabul Islam Tamim\3-1\computer networking\project\tcp-file-transfer\tcp-file-transfer\backend\app.py:273]
2025-07-15 20:03:12,544 INFO: Reusing existing real client: 05dcbf04-3f3c-4e31-90d9-3afd279bd437 [in D:\Tawyabul Islam Tamim\3-1\computer networking\project\tcp-file-transfer\tcp-file-transfer\backend\app.py:273]
2025-07-15 20:03:12,545 INFO: Reusing existing real client: 05dcbf04-3f3c-4e31-90d9-3afd279bd437 [in D:\Tawyabul Islam Tamim\3-1\computer networking\project\tcp-file-transfer\tcp-file-transfer\backend\app.py:273]
2025-07-15 20:03:35,477 INFO: Client disconnected: 05dcbf04-3f3c-4e31-90d9-3afd279bd437 [in D:\Tawyabul Islam Tamim\3-1\computer networking\project\tcp-file-transfer\tcp-file-transfer\backend\app.py:312]
2025-07-15 20:03:38,047 INFO: New REAL client connected: 4d357733-b849-41a8-98bb-bc9c7981a558 [in D:\Tawyabul Islam Tamim\3-1\computer networking\project\tcp-file-transfer\tcp-file-transfer\backend\app.py:284]
2025-07-15 20:03:38,048 INFO: Reusing existing real client: 4d357733-b849-41a8-98bb-bc9c7981a558 [in D:\Tawyabul Islam Tamim\3-1\computer networking\project\tcp-file-transfer\tcp-file-transfer\backend\app.py:273]
2025-07-15 20:03:38,583 INFO: REAL Client 4d357733-b849-41a8-98bb-bc9c7981a558: Algorithm switched to reno (Condition: good, State: slow_start) [in D:\Tawyabul Islam Tamim\3-1\computer networking\project\tcp-file-transfer\tcp-file-transfer\backend\app.py:186]
2025-07-15 20:03:40,584 INFO: REAL Client 4d357733-b849-41a8-98bb-bc9c7981a558: Algorithm switched to reno (Condition: good, State: slow_start) [in D:\Tawyabul Islam Tamim\3-1\computer networking\project\tcp-file-transfer\tcp-file-transfer\backend\app.py:186]
2025-07-15 20:03:43,161 INFO: Reusing existing real client: 4d357733-b849-41a8-98bb-bc9c7981a558 [in D:\Tawyabul Islam Tamim\3-1\computer networking\project\tcp-file-transfer\tcp-file-transfer\backend\app.py:273]
2025-07-15 20:03:48,602 INFO: REAL Client 4d357733-b849-41a8-98bb-bc9c7981a558: Algorithm switched to cubic (Condition: high_bw, State: slow_start) [in D:\Tawyabul Islam Tamim\3-1\computer networking\project\tcp-file-transfer\tcp-file-transfer\backend\app.py:186]
2025-07-15 20:03:50,606 INFO: REAL Client 4d357733-b849-41a8-98bb-bc9c7981a558: Algorithm switched to cubic (Condition: high_bw, State: slow_start) [in D:\Tawyabul Islam Tamim\3-1\computer networking\project\tcp-file-transfer\tcp-file-transfer\backend\app.py:186]
2025-07-15 20:03:53,499 INFO: Client disconnected: 4d357733-b849-41a8-98bb-bc9c7981a558 [in D:\Tawyabul Islam Tamim\3-1\computer networking\project\tcp-file-transfer\tcp-file-transfer\backend\app.py:312]
2025-07-15 20:03:55,000 INFO: Reusing existing real client: 820fb024-43e1-4752-b57c-54189053e98f [in D:\Tawyabul Islam Tamim\3-1\computer networking\project\tcp-file-transfer\tcp-file-transfer\backend\app.py:273]
2025-07-15 20:03:55,000 INFO: New REAL client connected: 820fb024-43e1-4752-b57c-54189053e98f [in D:\Tawyabul Islam Tamim\3-1\computer networking\project\tcp-file-transfer\tcp-file-transfer\backend\app.py:284]
2025-07-15 20:03:56,621 INFO: REAL Client 820fb024-43e1-4752-b57c-54189053e98f: Algorithm switched to reno (Condition: good, State: slow_start) [in D:\Tawyabul Islam Tamim\3-1\computer networking\project\tcp-file-transfer\tcp-file-transfer\backend\app.py:186]
2025-07-15 20:03:56,711 INFO: Reusing existing real client: 820fb024-43e1-4752-b57c-54189053e98f [in D:\Tawyabul Islam Tamim\3-1\computer networking\project\tcp-file-transfer\tcp-file-transfer\backend\app.py:273]
2025-07-15 20:03:56,717 INFO: Reusing existing real client: 820fb024-43e1-4752-b57c-54189053e98f [in D:\Tawyabul Islam Tamim\3-1\computer networking\project\tcp-file-transfer\tcp-file-transfer\backend\app.py:273]
2025-07-15 20:04:06,627 INFO: REAL Client 820fb024-43e1-4752-b57c-54189053e98f: Algorithm switched to cubic (Condition: high_bw, State: slow_start) [in D:\Tawyabul Islam Tamim\3-1\computer networking\project\tcp-file-transfer\tcp-file-transfer\backend\app.py:186]
2025-07-15 20:04:08,630 INFO: REAL Client 820fb024-43e1-4752-b57c-54189053e98f: Algorithm switched to cubic (Condition: high_bw, State: slow_start) [in D:\Tawyabul Islam Tamim\3-1\computer networking\project\tcp-file-transfer\tcp-file-transfer\backend\app.py:186]
